[2021-11-07 19:20:25] request.INFO: Matched route "admin_module_manage_action". {"route_parameters":{"_controller":"PrestaShopBundle\\Controller\\Admin\\ModuleController::moduleAction","action":"upgrade","module_name":"ps_wirepayment","_route":"admin_module_manage_action"},"request_uri":"http://localhost/admin0009e8qap/index.php/module/manage/action/upgrade/ps_wirepayment?_token=RcoYpnTRwKtOMpD-gNKwwP-JNN23sCxhkgfS52bcHEk"} []
[2021-11-07 19:20:30] security.DEBUG: Read existing security token from the session. {"key":"_security_main"} []
[2021-11-07 19:20:30] security.DEBUG: User was reloaded from a user provider. {"username":"admin@jasniej.pl","provider":"PrestaShopBundle\\Security\\Admin\\EmployeeProvider"} []
[2021-11-07 19:20:38] app.ERROR: Wyjątek wyrzucany przez moduł ps_wirepayment podczas upgrade. Failed to copy "/var/www/html/app/cache/prod/sandbox/618818f675d5c/ps_wirepayment/ps_wirepayment.php" to "/var/www/html/modules/ps_wirepayment/ps_wirepayment.php" because target file could not be opened for writing. [] []
[2021-11-07 19:20:38] security.DEBUG: Stored the security token in the session. {"key":"_security_main"} []
[2021-11-07 19:51:30] request.INFO: Matched route "admin_module_manage_action". {"route_parameters":{"_controller":"PrestaShopBundle\\Controller\\Admin\\ModuleController::moduleAction","action":"upgrade","module_name":"ps_customtext","_route":"admin_module_manage_action"},"request_uri":"http://localhost/admin0009e8qap/index.php/module/manage/action/upgrade/ps_customtext?_token=RcoYpnTRwKtOMpD-gNKwwP-JNN23sCxhkgfS52bcHEk"} []
[2021-11-07 19:51:30] security.DEBUG: Read existing security token from the session. {"key":"_security_main"} []
[2021-11-07 19:51:30] security.DEBUG: User was reloaded from a user provider. {"username":"admin@jasniej.pl","provider":"PrestaShopBundle\\Security\\Admin\\EmployeeProvider"} []
[2021-11-07 19:51:42] app.ERROR: Wyjątek wyrzucany przez moduł ps_customtext podczas upgrade. Nie udało się wyodrębnić modułu /var/www/html/app/cache/prod/sandbox/6188203ec11c5/ aby uzyskać jego nazwę.  [] []
[2021-11-07 19:51:42] security.DEBUG: Stored the security token in the session. {"key":"_security_main"} []
[2021-11-07 19:51:35] request.INFO: Matched route "admin_module_manage_action". {"route_parameters":{"_controller":"PrestaShopBundle\\Controller\\Admin\\ModuleController::moduleAction","action":"upgrade","module_name":"ps_imageslider","_route":"admin_module_manage_action"},"request_uri":"http://localhost/admin0009e8qap/index.php/module/manage/action/upgrade/ps_imageslider?_token=RcoYpnTRwKtOMpD-gNKwwP-JNN23sCxhkgfS52bcHEk"} []
[2021-11-07 19:54:14] security.DEBUG: Read existing security token from the session. {"key":"_security_main"} []
[2021-11-07 19:54:14] security.DEBUG: User was reloaded from a user provider. {"username":"admin@jasniej.pl","provider":"PrestaShopBundle\\Security\\Admin\\EmployeeProvider"} []
[2021-11-07 19:54:21] app.ERROR: Wyjątek wyrzucany przez moduł ps_imageslider podczas upgrade. Nie udało się wyodrębnić modułu /var/www/html/app/cache/prod/sandbox/618820ddc9e1e/ aby uzyskać jego nazwę.  [] []
[2021-11-07 19:54:21] security.DEBUG: Stored the security token in the session. {"key":"_security_main"} []
[2021-11-07 19:57:51] request.INFO: Matched route "admin_module_manage_action". {"route_parameters":{"_controller":"PrestaShopBundle\\Controller\\Admin\\ModuleController::moduleAction","action":"upgrade","module_name":"ps_customtext","_route":"admin_module_manage_action"},"request_uri":"http://localhost/admin0009e8qap/index.php/module/manage/action/upgrade/ps_customtext?_token=RcoYpnTRwKtOMpD-gNKwwP-JNN23sCxhkgfS52bcHEk"} []
[2021-11-07 20:04:52] security.DEBUG: Read existing security token from the session. {"key":"_security_main"} []
[2021-11-07 20:04:52] security.DEBUG: User was reloaded from a user provider. {"username":"admin@jasniej.pl","provider":"PrestaShopBundle\\Security\\Admin\\EmployeeProvider"} []
[2021-11-07 20:05:00] app.ERROR: Wyjątek wyrzucany przez moduł ps_customtext podczas upgrade. Nie udało się wyodrębnić modułu /var/www/html/app/cache/prod/sandbox/6188235c88433/ aby uzyskać jego nazwę.  [] []
[2021-11-07 20:05:00] security.DEBUG: Stored the security token in the session. {"key":"_security_main"} []
[2021-11-08 21:56:42] request.INFO: Matched route "admin_module_catalog". {"route_parameters":{"_controller":"PrestaShopBundle\\Controller\\Admin\\ModuleController::catalogAction","_legacy_controller":"AdminModules","_route":"admin_module_catalog"},"request_uri":"http://localhost/admin0009e8qap/index.php/module/catalog?_token=RcoYpnTRwKtOMpD-gNKwwP-JNN23sCxhkgfS52bcHEk"} []
[2021-11-08 21:56:42] security.DEBUG: Read existing security token from the session. {"key":"_security_main"} []
[2021-11-08 21:56:42] security.DEBUG: User was reloaded from a user provider. {"username":"admin@jasniej.pl","provider":"PrestaShopBundle\\Security\\Admin\\EmployeeProvider"} []
[2021-11-08 21:56:47] app.ERROR: Data from PrestaShop Addons is invalid, and cannot fallback on cache.  {"exception":"cURL error 28: Resolving timed out after 5514 milliseconds"} []
[2021-11-08 21:56:48] security.DEBUG: Stored the security token in the session. {"key":"_security_main"} []
